<?xml version="1.0" encoding="UTF-8"?>
<!-- Generated by org.testng.reporters.JUnitXMLReporter -->
<testsuite hostname="LAPTOP-UQ82E66Q" ignored="0" name="Default test" tests="5" failures="0" timestamp="2021-09-27T21:43:03 IST" time="61.036" errors="0">
  <testcase name="url" time="6.772" classname="com.TestNG_Project.Adactin_Prj"/>
  <testcase name="login" time="5.657" classname="com.TestNG_Project.Adactin_Prj"/>
  <testcase name="dress" time="5.024" classname="com.TestNG_Project.Adactin_Prj"/>
  <testcase name="addCart" time="6.123" classname="com.TestNG_Project.Adactin_Prj"/>
  <testcase name="checkOut" time="21.938" classname="com.TestNG_Project.Adactin_Prj"/>
</testsuite> <!-- Default test -->
