<?xml version="1.0" encoding="UTF-8"?>
<testng-results skipped="0" failed="0" ignored="0" total="5" passed="5">
  <reporter-output>
  </reporter-output>
  <suite name="Default suite" duration-ms="61036" started-at="2021-09-27T21:42:02 IST" finished-at="2021-09-27T21:43:03 IST">
    <groups>
    </groups>
    <test name="Default test" duration-ms="61036" started-at="2021-09-27T21:42:02 IST" finished-at="2021-09-27T21:43:03 IST">
      <class name="com.TestNG_Project.Adactin_Prj">
        <test-method status="PASS" signature="config()[pri:0, instance:com.TestNG_Project.Adactin_Prj@59e2d8e3]" name="config" is-config="true" duration-ms="462" started-at="2021-09-27T21:42:02 IST" finished-at="2021-09-27T21:42:02 IST">
          <reporter-output>
          </reporter-output>
        </test-method> <!-- config -->
        <test-method status="PASS" signature="url()[pri:0, instance:com.TestNG_Project.Adactin_Prj@59e2d8e3]" name="url" is-config="true" duration-ms="14117" started-at="2021-09-27T21:42:02 IST" finished-at="2021-09-27T21:42:16 IST">
          <reporter-output>
          </reporter-output>
        </test-method> <!-- url -->
        <test-method status="PASS" signature="url()[pri:0, instance:com.TestNG_Project.Adactin_Prj@59e2d8e3]" name="url" duration-ms="6772" started-at="2021-09-27T21:42:16 IST" finished-at="2021-09-27T21:42:23 IST">
          <reporter-output>
          </reporter-output>
        </test-method> <!-- url -->
        <test-method status="PASS" signature="login()[pri:1, instance:com.TestNG_Project.Adactin_Prj@59e2d8e3]" name="login" duration-ms="5657" started-at="2021-09-27T21:42:23 IST" finished-at="2021-09-27T21:42:29 IST">
          <reporter-output>
          </reporter-output>
        </test-method> <!-- login -->
        <test-method status="PASS" signature="dress()[pri:2, instance:com.TestNG_Project.Adactin_Prj@59e2d8e3]" name="dress" duration-ms="5024" started-at="2021-09-27T21:42:29 IST" finished-at="2021-09-27T21:42:34 IST">
          <reporter-output>
          </reporter-output>
        </test-method> <!-- dress -->
        <test-method status="PASS" signature="addCart()[pri:3, instance:com.TestNG_Project.Adactin_Prj@59e2d8e3]" name="addCart" duration-ms="6123" started-at="2021-09-27T21:42:34 IST" finished-at="2021-09-27T21:42:40 IST">
          <reporter-output>
          </reporter-output>
        </test-method> <!-- addCart -->
        <test-method status="PASS" signature="checkOut()[pri:4, instance:com.TestNG_Project.Adactin_Prj@59e2d8e3]" name="checkOut" duration-ms="21938" started-at="2021-09-27T21:42:40 IST" finished-at="2021-09-27T21:43:02 IST">
          <reporter-output>
          </reporter-output>
        </test-method> <!-- checkOut -->
        <test-method status="PASS" signature="reportFlush()[pri:0, instance:com.TestNG_Project.Adactin_Prj@59e2d8e3]" name="reportFlush" is-config="true" duration-ms="871" started-at="2021-09-27T21:43:02 IST" finished-at="2021-09-27T21:43:03 IST">
          <reporter-output>
          </reporter-output>
        </test-method> <!-- reportFlush -->
      </class> <!-- com.TestNG_Project.Adactin_Prj -->
    </test> <!-- Default test -->
  </suite> <!-- Default suite -->
</testng-results>
